This is XeTeX, Version 3.14159265-2.6-0.999992 (TeX Live 2020/W32TeX) (preloaded format=xelatex 2021.3.18)  19 MAR 2021 14:53
entering extended mode
 restricted \write18 enabled.
 %&-line parsing enabled.
**Russell_Dinnage_CV.tex
(./Russell_Dinnage_CV.tex
LaTeX2e <2020-10-01> patch level 4
L3 programming layer <2021-02-18> (./moderncv.cls
Document Class: moderncv 2015/07/28 v2.0.0 modern curriculum vitae and letter d
ocument class
(c:/Users/rdinn/AppData/Roaming/TinyTeX/texmf-dist/tex/latex/base/size11.clo
File: size11.clo 2020/04/10 v1.4m Standard LaTeX file (size option)
)
(c:/Users/rdinn/AppData/Roaming/TinyTeX/texmf-dist/tex/latex/etoolbox/etoolbox.
sty
Package: etoolbox 2020/10/05 v2.5k e-TeX tools for LaTeX (JAW)
\etb@tempcnta=\count175
) (c:/Users/rdinn/AppData/Roaming/TinyTeX/texmf-dist/tex/latex/base/ifthen.sty
Package: ifthen 2014/09/29 v1.1c Standard LaTeX ifthen package (DPC)
) (c:/Users/rdinn/AppData/Roaming/TinyTeX/texmf-dist/tex/latex/xcolor/xcolor.st
y
Package: xcolor 2016/05/11 v2.12 LaTeX color extensions (UK)

(c:/Users/rdinn/AppData/Roaming/TinyTeX/texmf-dist/tex/latex/graphics-cfg/color
.cfg
File: color.cfg 2016/01/02 v1.6 sample color configuration
)
Package xcolor Info: Driver file: xetex.def on input line 225.

(c:/Users/rdinn/AppData/Roaming/TinyTeX/texmf-dist/tex/latex/graphics-def/xetex
.def
File: xetex.def 2020/08/26 v5.0i Graphics/color driver for xetex
)
(c:/Users/rdinn/AppData/Roaming/TinyTeX/texmf-dist/tex/latex/colortbl/colortbl.
sty
Package: colortbl 2020/01/04 v1.0e Color table columns (DPC)
(c:/Users/rdinn/AppData/Roaming/TinyTeX/texmf-dist/tex/latex/tools/array.sty
Package: array 2020/10/01 v2.5c Tabular extension package (FMi)
\col@sep=\dimen138
\ar@mcellbox=\box47
\extrarowheight=\dimen139
\NC@list=\toks15
\extratabsurround=\skip47
\backup@length=\skip48
\ar@cellbox=\box48
)
\everycr=\toks16
\minrowclearance=\skip49
)
\rownum=\count176
Package xcolor Info: Model `cmy' substituted by `cmy0' on input line 1348.
Package xcolor Info: Model `RGB' extended on input line 1364.
Package xcolor Info: Model `HTML' substituted by `rgb' on input line 1366.
Package xcolor Info: Model `Hsb' substituted by `hsb' on input line 1367.
Package xcolor Info: Model `tHsb' substituted by `hsb' on input line 1368.
Package xcolor Info: Model `HSB' substituted by `hsb' on input line 1369.
Package xcolor Info: Model `Gray' substituted by `gray' on input line 1370.
Package xcolor Info: Model `wave' substituted by `hsb' on input line 1371.
)
(c:/Users/rdinn/AppData/Roaming/TinyTeX/texmf-dist/tex/generic/iftex/ifxetex.st
y
Package: ifxetex 2019/10/25 v0.7 ifxetex legacy package. Use iftex instead.
(c:/Users/rdinn/AppData/Roaming/TinyTeX/texmf-dist/tex/generic/iftex/iftex.sty
Package: iftex 2020/03/06 v1.0d TeX engine tests
))
(c:/Users/rdinn/AppData/Roaming/TinyTeX/texmf-dist/tex/generic/iftex/ifluatex.s
ty
Package: ifluatex 2019/10/25 v1.5 ifluatex legacy package. Use iftex instead.
) (c:/Users/rdinn/AppData/Roaming/TinyTeX/texmf-dist/tex/latex/base/fontenc.sty
Package: fontenc 2020/08/10 v2.0s Standard LaTeX package
LaTeX Font Info:    Trying to load font information for T1+lmr on input line 11
2.
(c:/Users/rdinn/AppData/Roaming/TinyTeX/texmf-dist/tex/latex/lm/t1lmr.fd
File: t1lmr.fd 2009/10/30 v1.6 Font defs for Latin Modern
)) (c:/Users/rdinn/AppData/Roaming/TinyTeX/texmf-dist/tex/latex/lm/lmodern.sty
Package: lmodern 2009/10/30 v1.6 Latin Modern Fonts
LaTeX Font Info:    Overwriting symbol font `operators' in version `normal'
(Font)                  OT1/cmr/m/n --> OT1/lmr/m/n on input line 22.
LaTeX Font Info:    Overwriting symbol font `letters' in version `normal'
(Font)                  OML/cmm/m/it --> OML/lmm/m/it on input line 23.
LaTeX Font Info:    Overwriting symbol font `symbols' in version `normal'
(Font)                  OMS/cmsy/m/n --> OMS/lmsy/m/n on input line 24.
LaTeX Font Info:    Overwriting symbol font `largesymbols' in version `normal'
(Font)                  OMX/cmex/m/n --> OMX/lmex/m/n on input line 25.
LaTeX Font Info:    Overwriting symbol font `operators' in version `bold'
(Font)                  OT1/cmr/bx/n --> OT1/lmr/bx/n on input line 26.
LaTeX Font Info:    Overwriting symbol font `letters' in version `bold'
(Font)                  OML/cmm/b/it --> OML/lmm/b/it on input line 27.
LaTeX Font Info:    Overwriting symbol font `symbols' in version `bold'
(Font)                  OMS/cmsy/b/n --> OMS/lmsy/b/n on input line 28.
LaTeX Font Info:    Overwriting symbol font `largesymbols' in version `bold'
(Font)                  OMX/cmex/m/n --> OMX/lmex/m/n on input line 29.
LaTeX Font Info:    Overwriting math alphabet `\mathbf' in version `normal'
(Font)                  OT1/cmr/bx/n --> OT1/lmr/bx/n on input line 31.
LaTeX Font Info:    Overwriting math alphabet `\mathsf' in version `normal'
(Font)                  OT1/cmss/m/n --> OT1/lmss/m/n on input line 32.
LaTeX Font Info:    Overwriting math alphabet `\mathit' in version `normal'
(Font)                  OT1/cmr/m/it --> OT1/lmr/m/it on input line 33.
LaTeX Font Info:    Overwriting math alphabet `\mathtt' in version `normal'
(Font)                  OT1/cmtt/m/n --> OT1/lmtt/m/n on input line 34.
LaTeX Font Info:    Overwriting math alphabet `\mathbf' in version `bold'
(Font)                  OT1/cmr/bx/n --> OT1/lmr/bx/n on input line 35.
LaTeX Font Info:    Overwriting math alphabet `\mathsf' in version `bold'
(Font)                  OT1/cmss/bx/n --> OT1/lmss/bx/n on input line 36.
LaTeX Font Info:    Overwriting math alphabet `\mathit' in version `bold'
(Font)                  OT1/cmr/bx/it --> OT1/lmr/bx/it on input line 37.
LaTeX Font Info:    Overwriting math alphabet `\mathtt' in version `bold'
(Font)                  OT1/cmtt/m/n --> OT1/lmtt/m/n on input line 38.
) (c:/Users/rdinn/AppData/Roaming/TinyTeX/texmf-dist/tex/latex/url/url.sty
\Urlmuskip=\muskip16
Package: url 2013/09/16  ver 3.4  Verb mode for urls, etc.
)
(c:/Users/rdinn/AppData/Roaming/TinyTeX/texmf-dist/tex/latex/graphics/graphicx.
sty
Package: graphicx 2020/09/09 v1.2b Enhanced LaTeX Graphics (DPC,SPQR)

(c:/Users/rdinn/AppData/Roaming/TinyTeX/texmf-dist/tex/latex/graphics/keyval.st
y
Package: keyval 2014/10/28 v1.15 key=value parser (DPC)
\KV@toks@=\toks17
)
(c:/Users/rdinn/AppData/Roaming/TinyTeX/texmf-dist/tex/latex/graphics/graphics.
sty
Package: graphics 2020/08/30 v1.4c Standard LaTeX Graphics (DPC,SPQR)
(c:/Users/rdinn/AppData/Roaming/TinyTeX/texmf-dist/tex/latex/graphics/trig.sty
Package: trig 2016/01/03 v1.10 sin cos tan (DPC)
)
(c:/Users/rdinn/AppData/Roaming/TinyTeX/texmf-dist/tex/latex/graphics-cfg/graph
ics.cfg
File: graphics.cfg 2016/06/04 v1.11 sample graphics configuration
)
Package graphics Info: Driver file: xetex.def on input line 105.
)
\Gin@req@height=\dimen140
\Gin@req@width=\dimen141
)
(c:/Users/rdinn/AppData/Roaming/TinyTeX/texmf-dist/tex/latex/fancyhdr/fancyhdr.
sty
Package: fancyhdr 2021/01/28 v4.0.1 Extensive control of page headers and foote
rs
\f@nch@headwidth=\skip50
\f@nch@O@elh=\skip51
\f@nch@O@erh=\skip52
\f@nch@O@olh=\skip53
\f@nch@O@orh=\skip54
\f@nch@O@elf=\skip55
\f@nch@O@erf=\skip56
\f@nch@O@olf=\skip57
\f@nch@O@orf=\skip58
) (./tweaklist.sty) (c:/Users/rdinn/AppData/Roaming/TinyTeX/texmf-dist/tex/late
x/tools/calc.sty
Package: calc 2017/05/25 v4.3 Infix arithmetic (KKT,FJ)
\calc@Acount=\count177
\calc@Bcount=\count178
\calc@Adimen=\dimen142
\calc@Bdimen=\dimen143
\calc@Askip=\skip59
\calc@Bskip=\skip60
LaTeX Info: Redefining \setlength on input line 80.
LaTeX Info: Redefining \addtolength on input line 81.
\calc@Ccount=\count179
\calc@Cskip=\skip61
)
(c:/Users/rdinn/AppData/Roaming/TinyTeX/texmf-dist/tex/latex/l3packages/xparse/
xparse.sty
(c:/Users/rdinn/AppData/Roaming/TinyTeX/texmf-dist/tex/latex/l3kernel/expl3.sty
Package: expl3 2021-02-18 L3 programming layer (loader) 

(c:/Users/rdinn/AppData/Roaming/TinyTeX/texmf-dist/tex/latex/l3backend/l3backen
d-xetex.def
File: l3backend-xetex.def 2021-03-02 L3 backend support: XeTeX
(|extractbb --version)
\c__kernel_sys_dvipdfmx_version_int=\count180
\l__color_backend_stack_int=\count181
\g__color_backend_stack_int=\count182
\g__graphics_track_int=\count183
\l__pdf_internal_box=\box49
\g__pdf_backend_object_int=\count184
\g__pdf_backend_annotation_int=\count185
\g__pdf_backend_link_int=\count186
))
(c:/Users/rdinn/AppData/Roaming/TinyTeX/texmf-dist/tex/latex/l3packages/xparse/
xparse-2020-10-01.sty
(c:/Users/rdinn/AppData/Roaming/TinyTeX/texmf-dist/tex/latex/l3packages/xparse/
xparse-generic.tex)))
(c:/Users/rdinn/AppData/Roaming/TinyTeX/texmf-dist/tex/latex/microtype/microtyp
e.sty
Package: microtype 2021/03/14 v2.8c Micro-typographical refinements (RS)
\MT@toks=\toks18
\MT@count=\count187
LaTeX Info: Redefining \textls on input line 790.
\MT@outer@kern=\dimen144
LaTeX Info: Redefining \textmicrotypecontext on input line 1374.
\MT@listname@count=\count188

(c:/Users/rdinn/AppData/Roaming/TinyTeX/texmf-dist/tex/latex/microtype/microtyp
e-xetex.def
File: microtype-xetex.def 2021/03/14 v2.8c Definitions specific to xetex (RS)
LaTeX Info: Redefining \lsstyle on input line 254.
)
Package microtype Info: Loading configuration file microtype.cfg.

(c:/Users/rdinn/AppData/Roaming/TinyTeX/texmf-dist/tex/latex/microtype/microtyp
e.cfg
File: microtype.cfg 2021/03/14 v2.8c microtype main configuration file (RS)
)) (./moderncvcollection.sty
Package: moderncvcollection 2015/07/28 v2.0.0 moderncv collections
\c@collection@iterator=\count189
)
(c:/Users/rdinn/AppData/Roaming/TinyTeX/texmf-dist/tex/latex/moderncv/moderncvc
ompatibility.sty
Package: moderncvcompatibility 2021/01/21 v2.1.0 modern curriculum vitae and le
tter compatibility patches
)
\c@collection@phones@count=\count190
\c@collection@socials@count=\count191
\c@cvcolumnscounter=\count192
\c@cvcolumnsautowidthcounter=\count193
\c@tmpiteratorcounter=\count194
\cvcolumnsdummywidth=\skip62
\cvcolumnswidth=\skip63
\cvcolumnsautowidth=\skip64
\cvcolumnautowidth=\skip65
\bibindent=\skip66
) (./moderncvstylecasual.sty
Package: moderncvstylecasual 2015/07/28 v2.0.0 modern curriculum vitae and lett
er style scheme: casual

(c:/Users/rdinn/AppData/Roaming/TinyTeX/texmf-dist/tex/latex/moderncv/moderncvi
consawesome.sty
Package: moderncviconsawesome 2021/01/21 v2.1.0 modern curriculum vitae and let
ter icons: awesome

(c:/Users/rdinn/AppData/Roaming/TinyTeX/texmf-dist/tex/latex/fontawesome5/fonta
wesome5.sty
Package: fontawesome5 2020/03/24 v5.13.0 Font Awesome 5

(c:/Users/rdinn/AppData/Roaming/TinyTeX/texmf-dist/tex/latex/l3packages/l3keys2
e/l3keys2e.sty
Package: l3keys2e 2021-03-12 LaTeX2e option processing using LaTeX3 keys
)
(c:/Users/rdinn/AppData/Roaming/TinyTeX/texmf-dist/tex/latex/fontawesome5/fonta
wesome5-utex-helper.sty
Package: fontawesome5-utex-helper 2020/03/24 v5.13.0 uTeX helper for fontawesom
e5
LaTeX Font Info:    Trying to load font information for TU+fontawesomefree on i
nput line 69.

(c:/Users/rdinn/AppData/Roaming/TinyTeX/texmf-dist/tex/latex/fontawesome5/tufon
tawesomefree.fd)
LaTeX Font Info:    Trying to load font information for TU+fontawesomebrands on
 input line 70.

(c:/Users/rdinn/AppData/Roaming/TinyTeX/texmf-dist/tex/latex/fontawesome5/tufon
tawesomebrands.fd)))
(c:/Users/rdinn/AppData/Roaming/TinyTeX/texmf-dist/tex/latex/academicons/academ
icons.sty
Package: academicons 2020/08/14 v1.9.0 Academicons Icons
)) (./moderncvheadii.sty
Package: moderncvheadii 2015/07/28 v2.0.0 modern curriculum vitae and letter he
ader variant: 2
\makeheaddetailsbox=\box50
\makeheaddetailstempbox=\box51
\makeheaddetailswidth=\skip67
\makeheaddetailsboxwidth=\skip68
\quotewidth=\skip69
) (./moderncvbodyi.sty
Package: moderncvbodyi 2015/07/28 v2.0.0 modern curriculum vitae and letter bod
y variant: 1
\hintscolumnwidth=\skip70
\separatorcolumnwidth=\skip71
\maincolumnwidth=\skip72
\doubleitemcolumnwidth=\skip73
\listitemsymbolwidth=\skip74
\listitemcolumnwidth=\skip75
\listdoubleitemcolumnwidth=\skip76
\baseletterheight=\skip77
\cvitemwithcommentbox=\box52
\cvitemwithcommentskilllength=\skip78
\cvitemwithcommentcommentlength=\skip79
) (./moderncvfooti.sty
Package: moderncvfooti 2015/07/28 v2.0.0 modern curriculum vitae and letter foo
ter variant: 1
\footwidth=\skip80
\footbox=\box53
\foottempbox=\box54
\footboxwidth=\skip81
))
(c:/Users/rdinn/AppData/Roaming/TinyTeX/texmf-dist/tex/latex/dejavu/DejaVuSansM
ono.sty
Package: DejaVuSansMono 2011/06/01 Style file for DejaVuSansMono.
)
(c:/Users/rdinn/AppData/Roaming/TinyTeX/texmf-dist/tex/latex/geometry/geometry.
sty
Package: geometry 2020/01/02 v5.9 Page Geometry

(c:/Users/rdinn/AppData/Roaming/TinyTeX/texmf-dist/tex/generic/iftex/ifvtex.sty
Package: ifvtex 2019/10/25 v1.7 ifvtex legacy package. Use iftex instead.
)
\Gm@cnth=\count195
\Gm@cntv=\count196
\c@Gm@tempcnt=\count197
\Gm@bindingoffset=\dimen145
\Gm@wd@mp=\dimen146
\Gm@odd@mp=\dimen147
\Gm@even@mp=\dimen148
\Gm@layoutwidth=\dimen149
\Gm@layoutheight=\dimen150
\Gm@layouthoffset=\dimen151
\Gm@layoutvoffset=\dimen152
\Gm@dimlist=\toks19
)
\cslhangindent=\skip82
\csllabelwidth=\skip83

(c:/Users/rdinn/AppData/Roaming/TinyTeX/texmf-dist/tex/latex/hyperref/hyperref.
sty
Package: hyperref 2021-02-27 v7.00k Hypertext links for LaTeX

(c:/Users/rdinn/AppData/Roaming/TinyTeX/texmf-dist/tex/generic/ltxcmds/ltxcmds.
sty
Package: ltxcmds 2020-05-10 v1.25 LaTeX kernel commands for general use (HO)
)
(c:/Users/rdinn/AppData/Roaming/TinyTeX/texmf-dist/tex/generic/pdftexcmds/pdfte
xcmds.sty
Package: pdftexcmds 2020-06-27 v0.33 Utility functions of pdfTeX for LuaTeX (HO
)

(c:/Users/rdinn/AppData/Roaming/TinyTeX/texmf-dist/tex/generic/infwarerr/infwar
err.sty
Package: infwarerr 2019/12/03 v1.5 Providing info/warning/error messages (HO)
)
Package pdftexcmds Info: \pdf@primitive is available.
Package pdftexcmds Info: \pdf@ifprimitive is available.
Package pdftexcmds Info: \pdfdraftmode not found.
)
(c:/Users/rdinn/AppData/Roaming/TinyTeX/texmf-dist/tex/generic/kvsetkeys/kvsetk
eys.sty
Package: kvsetkeys 2019/12/15 v1.18 Key value parser (HO)
)
(c:/Users/rdinn/AppData/Roaming/TinyTeX/texmf-dist/tex/generic/kvdefinekeys/kvd
efinekeys.sty
Package: kvdefinekeys 2019-12-19 v1.6 Define keys (HO)
)
(c:/Users/rdinn/AppData/Roaming/TinyTeX/texmf-dist/tex/generic/pdfescape/pdfesc
ape.sty
Package: pdfescape 2019/12/09 v1.15 Implements pdfTeX's escape features (HO)
)
(c:/Users/rdinn/AppData/Roaming/TinyTeX/texmf-dist/tex/latex/hycolor/hycolor.st
y
Package: hycolor 2020-01-27 v1.10 Color options for hyperref/bookmark (HO)
)
(c:/Users/rdinn/AppData/Roaming/TinyTeX/texmf-dist/tex/latex/letltxmacro/letltx
macro.sty
Package: letltxmacro 2019/12/03 v1.6 Let assignment for LaTeX macros (HO)
)
(c:/Users/rdinn/AppData/Roaming/TinyTeX/texmf-dist/tex/latex/auxhook/auxhook.st
y
Package: auxhook 2019-12-17 v1.6 Hooks for auxiliary files (HO)
)
(c:/Users/rdinn/AppData/Roaming/TinyTeX/texmf-dist/tex/latex/kvoptions/kvoption
s.sty
Package: kvoptions 2020-10-07 v3.14 Key value format for package options (HO)
)
\@linkdim=\dimen153
\Hy@linkcounter=\count198
\Hy@pagecounter=\count199

(c:/Users/rdinn/AppData/Roaming/TinyTeX/texmf-dist/tex/latex/hyperref/pd1enc.de
f
File: pd1enc.def 2021-02-27 v7.00k Hyperref: PDFDocEncoding definition (HO)
)
(c:/Users/rdinn/AppData/Roaming/TinyTeX/texmf-dist/tex/latex/hyperref/hyperref-
langpatches.def
File: hyperref-langpatches.def 2021-02-27 v7.00k Hyperref: patches for babel la
nguages
)
(c:/Users/rdinn/AppData/Roaming/TinyTeX/texmf-dist/tex/generic/intcalc/intcalc.
sty
Package: intcalc 2019/12/15 v1.3 Expandable calculations with integers (HO)
)
(c:/Users/rdinn/AppData/Roaming/TinyTeX/texmf-dist/tex/generic/etexcmds/etexcmd
s.sty
Package: etexcmds 2019/12/15 v1.7 Avoid name clashes with e-TeX commands (HO)
)
\Hy@SavedSpaceFactor=\count266

(c:/Users/rdinn/AppData/Roaming/TinyTeX/texmf-dist/tex/latex/hyperref/puenc.def
File: puenc.def 2021-02-27 v7.00k Hyperref: PDF Unicode definition (HO)
)
Package hyperref Info: Option `unicode' set `true' on input line 4073.
Package hyperref Info: Hyper figures OFF on input line 4192.
Package hyperref Info: Link nesting OFF on input line 4197.
Package hyperref Info: Hyper index ON on input line 4200.
Package hyperref Info: Plain pages OFF on input line 4207.
Package hyperref Info: Backreferencing OFF on input line 4212.
Package hyperref Info: Implicit mode ON; LaTeX internals redefined.
Package hyperref Info: Bookmarks ON on input line 4445.
\c@Hy@tempcnt=\count267
LaTeX Info: Redefining \url on input line 4804.
\XeTeXLinkMargin=\dimen154

(c:/Users/rdinn/AppData/Roaming/TinyTeX/texmf-dist/tex/generic/bitset/bitset.st
y
Package: bitset 2019/12/09 v1.3 Handle bit-vector datatype (HO)

(c:/Users/rdinn/AppData/Roaming/TinyTeX/texmf-dist/tex/generic/bigintcalc/bigin
tcalc.sty
Package: bigintcalc 2019/12/15 v1.5 Expandable calculations on big integers (HO
)
))
\Fld@menulength=\count268
\Field@Width=\dimen155
\Fld@charsize=\dimen156
Package hyperref Info: Hyper figures OFF on input line 6075.
Package hyperref Info: Link nesting OFF on input line 6080.
Package hyperref Info: Hyper index ON on input line 6083.
Package hyperref Info: backreferencing OFF on input line 6090.
Package hyperref Info: Link coloring OFF on input line 6095.
Package hyperref Info: Link coloring with OCG OFF on input line 6100.
Package hyperref Info: PDF/A mode OFF on input line 6105.
LaTeX Info: Redefining \ref on input line 6145.
LaTeX Info: Redefining \pageref on input line 6149.

(c:/Users/rdinn/AppData/Roaming/TinyTeX/texmf-dist/tex/latex/base/atbegshi-ltx.
sty
Package: atbegshi-ltx 2020/08/17 v1.0a Emulation of the original atbegshi packa
ge
with kernel methods
)
\Hy@abspage=\count269
\c@Item=\count270
\c@Hfootnote=\count271
)
Package hyperref Info: Driver (autodetected): hxetex.

(c:/Users/rdinn/AppData/Roaming/TinyTeX/texmf-dist/tex/latex/hyperref/hxetex.de
f
File: hxetex.def 2021-02-27 v7.00k Hyperref driver for XeTeX

(c:/Users/rdinn/AppData/Roaming/TinyTeX/texmf-dist/tex/generic/stringenc/string
enc.sty
Package: stringenc 2019/11/29 v1.12 Convert strings between diff. encodings (HO
)
)
\pdfm@box=\box55
\c@Hy@AnnotLevel=\count272
\HyField@AnnotCount=\count273
\Fld@listcount=\count274
\c@bookmark@seq@number=\count275

(c:/Users/rdinn/AppData/Roaming/TinyTeX/texmf-dist/tex/latex/rerunfilecheck/rer
unfilecheck.sty
Package: rerunfilecheck 2019/12/05 v1.9 Rerun checks for auxiliary files (HO)

(c:/Users/rdinn/AppData/Roaming/TinyTeX/texmf-dist/tex/latex/base/atveryend-ltx
.sty
Package: atveryend-ltx 2020/08/19 v1.0a Emulation of the original atvery packag
e
with kernel methods
)
(c:/Users/rdinn/AppData/Roaming/TinyTeX/texmf-dist/tex/generic/uniquecounter/un
iquecounter.sty
Package: uniquecounter 2019/12/15 v1.4 Provide unlimited unique counter (HO)
)
Package uniquecounter Info: New unique counter `rerunfilecheck' on input line 2
86.
)
\Hy@SectionHShift=\skip84
)
Package hyperref Info: Option `breaklinks' set `true' on input line 81.
Package hyperref Info: Option `bookmarksopen' set `true' on input line 81.
(./Russell_Dinnage_CV.aux)
\openout1 = `Russell_Dinnage_CV.aux'.

LaTeX Font Info:    Checking defaults for OML/cmm/m/it on input line 81.
LaTeX Font Info:    ... okay on input line 81.
LaTeX Font Info:    Checking defaults for OMS/cmsy/m/n on input line 81.
LaTeX Font Info:    ... okay on input line 81.
LaTeX Font Info:    Checking defaults for OT1/cmr/m/n on input line 81.
LaTeX Font Info:    ... okay on input line 81.
LaTeX Font Info:    Checking defaults for T1/cmr/m/n on input line 81.
LaTeX Font Info:    ... okay on input line 81.
LaTeX Font Info:    Checking defaults for TS1/cmr/m/n on input line 81.
LaTeX Font Info:    Trying to load font information for TS1+cmr on input line 8
1.
(c:/Users/rdinn/AppData/Roaming/TinyTeX/texmf-dist/tex/latex/base/ts1cmr.fd
File: ts1cmr.fd 2019/12/16 v2.5j Standard LaTeX font definitions
)
LaTeX Font Info:    ... okay on input line 81.
LaTeX Font Info:    Checking defaults for TU/lmr/m/n on input line 81.
LaTeX Font Info:    ... okay on input line 81.
LaTeX Font Info:    Checking defaults for OMX/cmex/m/n on input line 81.
LaTeX Font Info:    ... okay on input line 81.
LaTeX Font Info:    Checking defaults for U/cmr/m/n on input line 81.
LaTeX Font Info:    ... okay on input line 81.
LaTeX Font Info:    Checking defaults for PD1/pdf/m/n on input line 81.
LaTeX Font Info:    ... okay on input line 81.
LaTeX Font Info:    Checking defaults for PU/pdf/m/n on input line 81.
LaTeX Font Info:    ... okay on input line 81.
LaTeX Info: Redefining \microtypecontext on input line 81.
Package microtype Info: Character protrusion enabled (level 2).
Package microtype Info: Using default protrusion set `alltext'.
Package microtype Info: No adjustment of tracking.
Package microtype Info: No adjustment of spacing.
Package microtype Info: No adjustment of kerning.

(c:/Users/rdinn/AppData/Roaming/TinyTeX/texmf-dist/tex/latex/microtype/mt-cmr.c
fg
File: mt-cmr.cfg 2013/05/19 v2.2 microtype config. file: Computer Modern Roman 
(RS)
)
*geometry* driver: auto-detecting
*geometry* detected driver: xetex
*geometry* verbose mode - [ preamble ] result:
* driver: xetex
* paper: a4paper
* layout: <same size as paper>
* layoutoffset:(h,v)=(0.0pt,0.0pt)
* modes: 
* h-part:(L,W,R)=(74.68848pt, 448.1309pt, 74.68849pt)
* v-part:(T,H,B)=(84.50467pt, 633.78513pt, 126.75705pt)
* \paperwidth=597.50787pt
* \paperheight=845.04684pt
* \textwidth=448.1309pt
* \textheight=633.78513pt
* \oddsidemargin=2.41849pt
* \evensidemargin=2.41849pt
* \topmargin=-24.76532pt
* \headheight=12.0pt
* \headsep=25.0pt
* \topskip=11.0pt
* \footskip=60.0pt
* \marginparwidth=50.0pt
* \marginparsep=10.0pt
* \columnsep=10.0pt
* \skip\footins=10.0pt plus 4.0pt minus 2.0pt
* \hoffset=0.0pt
* \voffset=0.0pt
* \mag=1000
* \@twocolumnfalse
* \@twosidefalse
* \@mparswitchfalse
* \@reversemarginfalse
* (1in=72.27pt=25.4mm, 1cm=28.453pt)

Package hyperref Info: Link coloring OFF on input line 81.

(c:/Users/rdinn/AppData/Roaming/TinyTeX/texmf-dist/tex/latex/hyperref/nameref.s
ty
Package: nameref 2021-04-02 v2.47 Cross-referencing by name of section

(c:/Users/rdinn/AppData/Roaming/TinyTeX/texmf-dist/tex/latex/refcount/refcount.
sty
Package: refcount 2019/12/15 v3.6 Data extraction from label references (HO)
)
(c:/Users/rdinn/AppData/Roaming/TinyTeX/texmf-dist/tex/generic/gettitlestring/g
ettitlestring.sty
Package: gettitlestring 2019/12/15 v1.6 Cleanup title references (HO)
)
\c@section@level=\count276
)
LaTeX Info: Redefining \ref on input line 81.
LaTeX Info: Redefining \pageref on input line 81.
LaTeX Info: Redefining \nameref on input line 81.
(./Russell_Dinnage_CV.out) (./Russell_Dinnage_CV.out)
\@outlinefile=\write3
\openout3 = `Russell_Dinnage_CV.out'.

\pagenumberwidth=\skip85
\makecvheadpicturebox=\box56
\makecvheadpicturewidth=\skip86
\makecvheadnamebox=\box57

Underfull \hbox (badness 10000) in paragraph at lines 84--84

 []

LaTeX Font Info:    Trying to load font information for OT1+lmr on input line 8
9.
(c:/Users/rdinn/AppData/Roaming/TinyTeX/texmf-dist/tex/latex/lm/ot1lmr.fd
File: ot1lmr.fd 2009/10/30 v1.6 Font defs for Latin Modern
)
LaTeX Font Info:    Trying to load font information for OML+lmm on input line 8
9.
(c:/Users/rdinn/AppData/Roaming/TinyTeX/texmf-dist/tex/latex/lm/omllmm.fd
File: omllmm.fd 2009/10/30 v1.6 Font defs for Latin Modern
)
LaTeX Font Info:    Trying to load font information for OMS+lmsy on input line 
89.
(c:/Users/rdinn/AppData/Roaming/TinyTeX/texmf-dist/tex/latex/lm/omslmsy.fd
File: omslmsy.fd 2009/10/30 v1.6 Font defs for Latin Modern
)
LaTeX Font Info:    Trying to load font information for OMX+lmex on input line 
89.
(c:/Users/rdinn/AppData/Roaming/TinyTeX/texmf-dist/tex/latex/lm/omxlmex.fd
File: omxlmex.fd 2009/10/30 v1.6 Font defs for Latin Modern
)
LaTeX Font Info:    External font `lmex10' loaded for size
(Font)              <10.95> on input line 89.
LaTeX Font Info:    External font `lmex10' loaded for size
(Font)              <8> on input line 89.
LaTeX Font Info:    External font `lmex10' loaded for size
(Font)              <6> on input line 89.
Package microtype Info: Loading generic protrusion settings for font family
(microtype)             `fontawesomefree' (encoding: TU).
(microtype)             For optimal results, create family-specific settings.
(microtype)             See the microtype manual for details.

Package microtype Warning: Unknown slot number of character
(microtype)                `\`A'
(microtype)                in font encoding `TU' in inheritance list
(microtype)                `microtype.cfg/397(protrusion)'.


Package microtype Warning: Unknown slot number of character
(microtype)                `\'A'
(microtype)                in font encoding `TU' in inheritance list
(microtype)                `microtype.cfg/397(protrusion)'.


Package microtype Warning: Unknown slot number of character
(microtype)                `\^A'
(microtype)                in font encoding `TU' in inheritance list
(microtype)                `microtype.cfg/397(protrusion)'.


Package microtype Warning: Unknown slot number of character
(microtype)                `\~A'
(microtype)                in font encoding `TU' in inheritance list
(microtype)                `microtype.cfg/397(protrusion)'.


Package microtype Warning: Unknown slot number of character
(microtype)                `\"A'
(microtype)                in font encoding `TU' in inheritance list
(microtype)                `microtype.cfg/397(protrusion)'.


Package microtype Warning: Unknown slot number of character
(microtype)                `\r A'
(microtype)                in font encoding `TU' in inheritance list
(microtype)                `microtype.cfg/397(protrusion)'.


Package microtype Warning: Unknown slot number of character
(microtype)                `\k A'
(microtype)                in font encoding `TU' in inheritance list
(microtype)                `microtype.cfg/397(protrusion)'.


Package microtype Warning: Unknown slot number of character
(microtype)                `\u A'
(microtype)                in font encoding `TU' in inheritance list
(microtype)                `microtype.cfg/397(protrusion)'.


Package microtype Warning: Unknown slot number of character
(microtype)                `\`a'
(microtype)                in font encoding `TU' in inheritance list
(microtype)                `microtype.cfg/397(protrusion)'.


Package microtype Warning: Unknown slot number of character
(microtype)                `\'a'
(microtype)                in font encoding `TU' in inheritance list
(microtype)                `microtype.cfg/397(protrusion)'.


Package microtype Warning: Unknown slot number of character
(microtype)                `\^a'
(microtype)                in font encoding `TU' in inheritance list
(microtype)                `microtype.cfg/397(protrusion)'.


Package microtype Warning: Unknown slot number of character
(microtype)                `\~a'
(microtype)                in font encoding `TU' in inheritance list
(microtype)                `microtype.cfg/397(protrusion)'.


Package microtype Warning: Unknown slot number of character
(microtype)                `\"a'
(microtype)                in font encoding `TU' in inheritance list
(microtype)                `microtype.cfg/397(protrusion)'.


Package microtype Warning: Unknown slot number of character
(microtype)                `\r a'
(microtype)                in font encoding `TU' in inheritance list
(microtype)                `microtype.cfg/397(protrusion)'.


Package microtype Warning: Unknown slot number of character
(microtype)                `\k a'
(microtype)                in font encoding `TU' in inheritance list
(microtype)                `microtype.cfg/397(protrusion)'.


Package microtype Warning: Unknown slot number of character
(microtype)                `\u a'
(microtype)                in font encoding `TU' in inheritance list
(microtype)                `microtype.cfg/397(protrusion)'.


Package microtype Warning: Unknown slot number of character
(microtype)                `\'C'
(microtype)                in font encoding `TU' in inheritance list
(microtype)                `microtype.cfg/397(protrusion)'.


Package microtype Warning: Unknown slot number of character
(microtype)                `\c C'
(microtype)                in font encoding `TU' in inheritance list
(microtype)                `microtype.cfg/397(protrusion)'.


Package microtype Warning: Unknown slot number of character
(microtype)                `\v C'
(microtype)                in font encoding `TU' in inheritance list
(microtype)                `microtype.cfg/397(protrusion)'.


Package microtype Warning: Unknown slot number of character
(microtype)                `\'c'
(microtype)                in font encoding `TU' in inheritance list
(microtype)                `microtype.cfg/397(protrusion)'.


Package microtype Warning: Unknown slot number of character
(microtype)                `\c c'
(microtype)                in font encoding `TU' in inheritance list
(microtype)                `microtype.cfg/397(protrusion)'.


Package microtype Warning: Unknown slot number of character
(microtype)                `\v c'
(microtype)                in font encoding `TU' in inheritance list
(microtype)                `microtype.cfg/397(protrusion)'.


Package microtype Warning: Unknown slot number of character
(microtype)                `\v D'
(microtype)                in font encoding `TU' in inheritance list
(microtype)                `microtype.cfg/397(protrusion)'.

Package microtype Info: Character `\DH ' is missing
(microtype)             in font `\TU/fontawesomefree/solid/n/6'.
(microtype)             Ignoring protrusion settings for this character.

Package microtype Warning: Unknown slot number of character
(microtype)                `\v d'
(microtype)                in font encoding `TU' in inheritance list
(microtype)                `microtype.cfg/397(protrusion)'.

Package microtype Info: Character `\dj ' is missing
(microtype)             in font `\TU/fontawesomefree/solid/n/6'.
(microtype)             Ignoring protrusion settings for this character.

Package microtype Warning: Unknown slot number of character
(microtype)                `\`E'
(microtype)                in font encoding `TU' in inheritance list
(microtype)                `microtype.cfg/397(protrusion)'.


Package microtype Warning: Unknown slot number of character
(microtype)                `\'E'
(microtype)                in font encoding `TU' in inheritance list
(microtype)                `microtype.cfg/397(protrusion)'.


Package microtype Warning: Unknown slot number of character
(microtype)                `\^E'
(microtype)                in font encoding `TU' in inheritance list
(microtype)                `microtype.cfg/397(protrusion)'.


Package microtype Warning: Unknown slot number of character
(microtype)                `\"E'
(microtype)                in font encoding `TU' in inheritance list
(microtype)                `microtype.cfg/397(protrusion)'.


Package microtype Warning: Unknown slot number of character
(microtype)                `\k E'
(microtype)                in font encoding `TU' in inheritance list
(microtype)                `microtype.cfg/397(protrusion)'.


Package microtype Warning: Unknown slot number of character
(microtype)                `\v E'
(microtype)                in font encoding `TU' in inheritance list
(microtype)                `microtype.cfg/397(protrusion)'.


Package microtype Warning: Unknown slot number of character
(microtype)                `\`e'
(microtype)                in font encoding `TU' in inheritance list
(microtype)                `microtype.cfg/397(protrusion)'.


Package microtype Warning: Unknown slot number of character
(microtype)                `\'e'
(microtype)                in font encoding `TU' in inheritance list
(microtype)                `microtype.cfg/397(protrusion)'.


Package microtype Warning: Unknown slot number of character
(microtype)                `\^e'
(microtype)                in font encoding `TU' in inheritance list
(microtype)                `microtype.cfg/397(protrusion)'.


Package microtype Warning: Unknown slot number of character
(microtype)                `\"e'
(microtype)                in font encoding `TU' in inheritance list
(microtype)                `microtype.cfg/397(protrusion)'.


Package microtype Warning: Unknown slot number of character
(microtype)                `\k e'
(microtype)                in font encoding `TU' in inheritance list
(microtype)                `microtype.cfg/397(protrusion)'.


Package microtype Warning: Unknown slot number of character
(microtype)                `\v e'
(microtype)                in font encoding `TU' in inheritance list
(microtype)                `microtype.cfg/397(protrusion)'.


Package microtype Warning: Unknown slot number of character
(microtype)                `\u G'
(microtype)                in font encoding `TU' in inheritance list
(microtype)                `microtype.cfg/397(protrusion)'.


Package microtype Warning: Unknown slot number of character
(microtype)                `\u g'
(microtype)                in font encoding `TU' in inheritance list
(microtype)                `microtype.cfg/397(protrusion)'.


Package microtype Warning: Unknown slot number of character
(microtype)                `\`I'
(microtype)                in font encoding `TU' in inheritance list
(microtype)                `microtype.cfg/397(protrusion)'.


Package microtype Warning: Unknown slot number of character
(microtype)                `\'I'
(microtype)                in font encoding `TU' in inheritance list
(microtype)                `microtype.cfg/397(protrusion)'.


Package microtype Warning: Unknown slot number of character
(microtype)                `\^I'
(microtype)                in font encoding `TU' in inheritance list
(microtype)                `microtype.cfg/397(protrusion)'.


Package microtype Warning: Unknown slot number of character
(microtype)                `\"I'
(microtype)                in font encoding `TU' in inheritance list
(microtype)                `microtype.cfg/397(protrusion)'.


Package microtype Warning: Unknown slot number of character
(microtype)                `\.I'
(microtype)                in font encoding `TU' in inheritance list
(microtype)                `microtype.cfg/397(protrusion)'.


Package microtype Warning: Unknown slot number of character
(microtype)                `\`i'
(microtype)                in font encoding `TU' in inheritance list
(microtype)                `microtype.cfg/397(protrusion)'.


Package microtype Warning: Unknown slot number of character
(microtype)                `\'i'
(microtype)                in font encoding `TU' in inheritance list
(microtype)                `microtype.cfg/397(protrusion)'.


Package microtype Warning: Unknown slot number of character
(microtype)                `\^i'
(microtype)                in font encoding `TU' in inheritance list
(microtype)                `microtype.cfg/397(protrusion)'.


Package microtype Warning: Unknown slot number of character
(microtype)                `\"i'
(microtype)                in font encoding `TU' in inheritance list
(microtype)                `microtype.cfg/397(protrusion)'.

Package microtype Info: Character `\i ' is missing
(microtype)             in font `\TU/fontawesomefree/solid/n/6'.
(microtype)             Ignoring protrusion settings for this character.
Package microtype Info: Character `\L ' is missing
(microtype)             in font `\TU/fontawesomefree/solid/n/6'.
(microtype)             Ignoring protrusion settings for this character.

Package microtype Warning: Unknown slot number of character
(microtype)                `\'L'
(microtype)                in font encoding `TU' in inheritance list
(microtype)                `microtype.cfg/397(protrusion)'.


Package microtype Warning: Unknown slot number of character
(microtype)                `\v L'
(microtype)                in font encoding `TU' in inheritance list
(microtype)                `microtype.cfg/397(protrusion)'.

Package microtype Info: Character `\l ' is missing
(microtype)             in font `\TU/fontawesomefree/solid/n/6'.
(microtype)             Ignoring protrusion settings for this character.

Package microtype Warning: Unknown slot number of character
(microtype)                `\'l'
(microtype)                in font encoding `TU' in inheritance list
(microtype)                `microtype.cfg/397(protrusion)'.


Package microtype Warning: Unknown slot number of character
(microtype)                `\v l'
(microtype)                in font encoding `TU' in inheritance list
(microtype)                `microtype.cfg/397(protrusion)'.


Package microtype Warning: Unknown slot number of character
(microtype)                `\'N'
(microtype)                in font encoding `TU' in inheritance list
(microtype)                `microtype.cfg/397(protrusion)'.


Package microtype Warning: Unknown slot number of character
(microtype)                `\~N'
(microtype)                in font encoding `TU' in inheritance list
(microtype)                `microtype.cfg/397(protrusion)'.


Package microtype Warning: Unknown slot number of character
(microtype)                `\v N'
(microtype)                in font encoding `TU' in inheritance list
(microtype)                `microtype.cfg/397(protrusion)'.


Package microtype Warning: Unknown slot number of character
(microtype)                `\'n'
(microtype)                in font encoding `TU' in inheritance list
(microtype)                `microtype.cfg/397(protrusion)'.


Package microtype Warning: Unknown slot number of character
(microtype)                `\~n'
(microtype)                in font encoding `TU' in inheritance list
(microtype)                `microtype.cfg/397(protrusion)'.


Package microtype Warning: Unknown slot number of character
(microtype)                `\v n'
(microtype)                in font encoding `TU' in inheritance list
(microtype)                `microtype.cfg/397(protrusion)'.

Package microtype Info: Character `\O ' is missing
(microtype)             in font `\TU/fontawesomefree/solid/n/6'.
(microtype)             Ignoring protrusion settings for this character.

Package microtype Warning: Unknown slot number of character
(microtype)                `\`O'
(microtype)                in font encoding `TU' in inheritance list
(microtype)                `microtype.cfg/397(protrusion)'.


Package microtype Warning: Unknown slot number of character
(microtype)                `\'O'
(microtype)                in font encoding `TU' in inheritance list
(microtype)                `microtype.cfg/397(protrusion)'.


Package microtype Warning: Unknown slot number of character
(microtype)                `\^O'
(microtype)                in font encoding `TU' in inheritance list
(microtype)                `microtype.cfg/397(protrusion)'.


Package microtype Warning: Unknown slot number of character
(microtype)                `\~O'
(microtype)                in font encoding `TU' in inheritance list
(microtype)                `microtype.cfg/397(protrusion)'.


Package microtype Warning: Unknown slot number of character
(microtype)                `\"O'
(microtype)                in font encoding `TU' in inheritance list
(microtype)                `microtype.cfg/397(protrusion)'.


Package microtype Warning: Unknown slot number of character
(microtype)                `\H O'
(microtype)                in font encoding `TU' in inheritance list
(microtype)                `microtype.cfg/397(protrusion)'.

Package microtype Info: Character `\o ' is missing
(microtype)             in font `\TU/fontawesomefree/solid/n/6'.
(microtype)             Ignoring protrusion settings for this character.

Package microtype Warning: Unknown slot number of character
(microtype)                `\`o'
(microtype)                in font encoding `TU' in inheritance list
(microtype)                `microtype.cfg/397(protrusion)'.


Package microtype Warning: Unknown slot number of character
(microtype)                `\'o'
(microtype)                in font encoding `TU' in inheritance list
(microtype)                `microtype.cfg/397(protrusion)'.


Package microtype Warning: Unknown slot number of character
(microtype)                `\^o'
(microtype)                in font encoding `TU' in inheritance list
(microtype)                `microtype.cfg/397(protrusion)'.


Package microtype Warning: Unknown slot number of character
(microtype)                `\~o'
(microtype)                in font encoding `TU' in inheritance list
(microtype)                `microtype.cfg/397(protrusion)'.


Package microtype Warning: Unknown slot number of character
(microtype)                `\"o'
(microtype)                in font encoding `TU' in inheritance list
(microtype)                `microtype.cfg/397(protrusion)'.


Package microtype Warning: Unknown slot number of character
(microtype)                `\H o'
(microtype)                in font encoding `TU' in inheritance list
(microtype)                `microtype.cfg/397(protrusion)'.


Package microtype Warning: Unknown slot number of character
(microtype)                `\'R'
(microtype)                in font encoding `TU' in inheritance list
(microtype)                `microtype.cfg/397(protrusion)'.


Package microtype Warning: Unknown slot number of character
(microtype)                `\v R'
(microtype)                in font encoding `TU' in inheritance list
(microtype)                `microtype.cfg/397(protrusion)'.


Package microtype Warning: Unknown slot number of character
(microtype)                `\'r'
(microtype)                in font encoding `TU' in inheritance list
(microtype)                `microtype.cfg/397(protrusion)'.


Package microtype Warning: Unknown slot number of character
(microtype)                `\v r'
(microtype)                in font encoding `TU' in inheritance list
(microtype)                `microtype.cfg/397(protrusion)'.


Package microtype Warning: Unknown slot number of character
(microtype)                `\'S'
(microtype)                in font encoding `TU' in inheritance list
(microtype)                `microtype.cfg/397(protrusion)'.


Package microtype Warning: Unknown slot number of character
(microtype)                `\c S'
(microtype)                in font encoding `TU' in inheritance list
(microtype)                `microtype.cfg/397(protrusion)'.


Package microtype Warning: Unknown slot number of character
(microtype)                `\v S'
(microtype)                in font encoding `TU' in inheritance list
(microtype)                `microtype.cfg/397(protrusion)'.


Package microtype Warning: Unknown slot number of character
(microtype)                `\'s'
(microtype)                in font encoding `TU' in inheritance list
(microtype)                `microtype.cfg/397(protrusion)'.


Package microtype Warning: Unknown slot number of character
(microtype)                `\c s'
(microtype)                in font encoding `TU' in inheritance list
(microtype)                `microtype.cfg/397(protrusion)'.


Package microtype Warning: Unknown slot number of character
(microtype)                `\v s'
(microtype)                in font encoding `TU' in inheritance list
(microtype)                `microtype.cfg/397(protrusion)'.


Package microtype Warning: Unknown slot number of character
(microtype)                `\c T'
(microtype)                in font encoding `TU' in inheritance list
(microtype)                `microtype.cfg/397(protrusion)'.


Package microtype Warning: Unknown slot number of character
(microtype)                `\v T'
(microtype)                in font encoding `TU' in inheritance list
(microtype)                `microtype.cfg/397(protrusion)'.


Package microtype Warning: Unknown slot number of character
(microtype)                `\c t'
(microtype)                in font encoding `TU' in inheritance list
(microtype)                `microtype.cfg/397(protrusion)'.


Package microtype Warning: Unknown slot number of character
(microtype)                `\v t'
(microtype)                in font encoding `TU' in inheritance list
(microtype)                `microtype.cfg/397(protrusion)'.


Package microtype Warning: Unknown slot number of character
(microtype)                `\`U'
(microtype)                in font encoding `TU' in inheritance list
(microtype)                `microtype.cfg/397(protrusion)'.


Package microtype Warning: Unknown slot number of character
(microtype)                `\'U'
(microtype)                in font encoding `TU' in inheritance list
(microtype)                `microtype.cfg/397(protrusion)'.


Package microtype Warning: Unknown slot number of character
(microtype)                `\^U'
(microtype)                in font encoding `TU' in inheritance list
(microtype)                `microtype.cfg/397(protrusion)'.


Package microtype Warning: Unknown slot number of character
(microtype)                `\"U'
(microtype)                in font encoding `TU' in inheritance list
(microtype)                `microtype.cfg/397(protrusion)'.


Package microtype Warning: Unknown slot number of character
(microtype)                `\H U'
(microtype)                in font encoding `TU' in inheritance list
(microtype)                `microtype.cfg/397(protrusion)'.


Package microtype Warning: Unknown slot number of character
(microtype)                `\r U'
(microtype)                in font encoding `TU' in inheritance list
(microtype)                `microtype.cfg/397(protrusion)'.


Package microtype Warning: Unknown slot number of character
(microtype)                `\`u'
(microtype)                in font encoding `TU' in inheritance list
(microtype)                `microtype.cfg/397(protrusion)'.


Package microtype Warning: Unknown slot number of character
(microtype)                `\'u'
(microtype)                in font encoding `TU' in inheritance list
(microtype)                `microtype.cfg/397(protrusion)'.


Package microtype Warning: Unknown slot number of character
(microtype)                `\^u'
(microtype)                in font encoding `TU' in inheritance list
(microtype)                `microtype.cfg/397(protrusion)'.


Package microtype Warning: Unknown slot number of character
(microtype)                `\"u'
(microtype)                in font encoding `TU' in inheritance list
(microtype)                `microtype.cfg/397(protrusion)'.


Package microtype Warning: Unknown slot number of character
(microtype)                `\H u'
(microtype)                in font encoding `TU' in inheritance list
(microtype)                `microtype.cfg/397(protrusion)'.


Package microtype Warning: Unknown slot number of character
(microtype)                `\r u'
(microtype)                in font encoding `TU' in inheritance list
(microtype)                `microtype.cfg/397(protrusion)'.


Package microtype Warning: Unknown slot number of character
(microtype)                `\'Y'
(microtype)                in font encoding `TU' in inheritance list
(microtype)                `microtype.cfg/397(protrusion)'.


Package microtype Warning: Unknown slot number of character
(microtype)                `\"Y'
(microtype)                in font encoding `TU' in inheritance list
(microtype)                `microtype.cfg/397(protrusion)'.


Package microtype Warning: Unknown slot number of character
(microtype)                `\'y'
(microtype)                in font encoding `TU' in inheritance list
(microtype)                `microtype.cfg/397(protrusion)'.


Package microtype Warning: Unknown slot number of character
(microtype)                `\"y'
(microtype)                in font encoding `TU' in inheritance list
(microtype)                `microtype.cfg/397(protrusion)'.


Package microtype Warning: Unknown slot number of character
(microtype)                `\'Z'
(microtype)                in font encoding `TU' in inheritance list
(microtype)                `microtype.cfg/397(protrusion)'.


Package microtype Warning: Unknown slot number of character
(microtype)                `\.Z'
(microtype)                in font encoding `TU' in inheritance list
(microtype)                `microtype.cfg/397(protrusion)'.


Package microtype Warning: Unknown slot number of character
(microtype)                `\v Z'
(microtype)                in font encoding `TU' in inheritance list
(microtype)                `microtype.cfg/397(protrusion)'.


Package microtype Warning: Unknown slot number of character
(microtype)                `\'z'
(microtype)                in font encoding `TU' in inheritance list
(microtype)                `microtype.cfg/397(protrusion)'.


Package microtype Warning: Unknown slot number of character
(microtype)                `\.z'
(microtype)                in font encoding `TU' in inheritance list
(microtype)                `microtype.cfg/397(protrusion)'.


Package microtype Warning: Unknown slot number of character
(microtype)                `\v z'
(microtype)                in font encoding `TU' in inheritance list
(microtype)                `microtype.cfg/397(protrusion)'.

Package microtype Info: Character `,' is missing
(microtype)             in font `\TU/fontawesomefree/solid/n/6'.
(microtype)             Ignoring protrusion settings for this character.
Package microtype Info: Character `:' is missing
(microtype)             in font `\TU/fontawesomefree/solid/n/6'.
(microtype)             Ignoring protrusion settings for this character.
Package microtype Info: Character `;' is missing
(microtype)             in font `\TU/fontawesomefree/solid/n/6'.
(microtype)             Ignoring protrusion settings for this character.
Package microtype Info: Character `!' is missing
(microtype)             in font `\TU/fontawesomefree/solid/n/6'.
(microtype)             Ignoring protrusion settings for this character.
Package microtype Info: Character `?' is missing
(microtype)             in font `\TU/fontawesomefree/solid/n/6'.
(microtype)             Ignoring protrusion settings for this character.
Package microtype Info: Character `@' is missing
(microtype)             in font `\TU/fontawesomefree/solid/n/6'.
(microtype)             Ignoring protrusion settings for this character.
Package microtype Info: Character `~ (= ~)' is missing
(microtype)             in font `\TU/fontawesomefree/solid/n/6'.
(microtype)             Ignoring protrusion settings for this character.
Package microtype Info: Character `\%' is missing
(microtype)             in font `\TU/fontawesomefree/solid/n/6'.
(microtype)             Ignoring protrusion settings for this character.
Package microtype Info: Character `*' is missing
(microtype)             in font `\TU/fontawesomefree/solid/n/6'.
(microtype)             Ignoring protrusion settings for this character.
Package microtype Info: Character `+' is missing
(microtype)             in font `\TU/fontawesomefree/solid/n/6'.
(microtype)             Ignoring protrusion settings for this character.
Package microtype Info: Character `(' is missing
(microtype)             in font `\TU/fontawesomefree/solid/n/6'.
(microtype)             Ignoring protrusion settings for this character.
Package microtype Info: Character `)' is missing
(microtype)             in font `\TU/fontawesomefree/solid/n/6'.
(microtype)             Ignoring protrusion settings for this character.
Package microtype Info: Character `\textendash ' is missing
(microtype)             in font `\TU/fontawesomefree/solid/n/6'.
(microtype)             Ignoring protrusion settings for this character.
Package microtype Info: Character `\textemdash ' is missing
(microtype)             in font `\TU/fontawesomefree/solid/n/6'.
(microtype)             Ignoring protrusion settings for this character.
Package microtype Info: Character `\textquoteleft ' is missing
(microtype)             in font `\TU/fontawesomefree/solid/n/6'.
(microtype)             Ignoring protrusion settings for this character.
Package microtype Info: Character `\textquoteright ' is missing
(microtype)             in font `\TU/fontawesomefree/solid/n/6'.
(microtype)             Ignoring protrusion settings for this character.
Package microtype Info: Character `\textquotedblleft ' is missing
(microtype)             in font `\TU/fontawesomefree/solid/n/6'.
(microtype)             Ignoring protrusion settings for this character.
Package microtype Info: Character `\textquotedblright ' is missing
(microtype)             in font `\TU/fontawesomefree/solid/n/6'.
(microtype)             Ignoring protrusion settings for this character.
Package microtype Info: Character `\AE ' is missing
(microtype)             in font `\TU/fontawesomefree/solid/n/6'.
(microtype)             Ignoring protrusion settings for this character.
Package microtype Info: Character `_' is missing
(microtype)             in font `\TU/fontawesomefree/solid/n/6'.
(microtype)             Ignoring protrusion settings for this character.
Package microtype Info: Character `\textbackslash ' is missing
(microtype)             in font `\TU/fontawesomefree/solid/n/6'.
(microtype)             Ignoring protrusion settings for this character.
Package microtype Info: Character `\quotesinglbase ' is missing
(microtype)             in font `\TU/fontawesomefree/solid/n/6'.
(microtype)             Ignoring protrusion settings for this character.
Package microtype Info: Character `\quotedblbase ' is missing
(microtype)             in font `\TU/fontawesomefree/solid/n/6'.
(microtype)             Ignoring protrusion settings for this character.
Package microtype Info: Character `\guilsinglleft ' is missing
(microtype)             in font `\TU/fontawesomefree/solid/n/6'.
(microtype)             Ignoring protrusion settings for this character.
Package microtype Info: Character `\guilsinglright ' is missing
(microtype)             in font `\TU/fontawesomefree/solid/n/6'.
(microtype)             Ignoring protrusion settings for this character.
Package microtype Info: Character `\guillemotleft ' is missing
(microtype)             in font `\TU/fontawesomefree/solid/n/6'.
(microtype)             Ignoring protrusion settings for this character.
Package microtype Info: Character `\guillemotright ' is missing
(microtype)             in font `\TU/fontawesomefree/solid/n/6'.
(microtype)             Ignoring protrusion settings for this character.
Package microtype Info: Character `\textexclamdown ' is missing
(microtype)             in font `\TU/fontawesomefree/solid/n/6'.
(microtype)             Ignoring protrusion settings for this character.
Package microtype Info: Character `\textquestiondown ' is missing
(microtype)             in font `\TU/fontawesomefree/solid/n/6'.
(microtype)             Ignoring protrusion settings for this character.
Package microtype Info: Character `\textbraceleft ' is missing
(microtype)             in font `\TU/fontawesomefree/solid/n/6'.
(microtype)             Ignoring protrusion settings for this character.
Package microtype Info: Character `\textbraceright ' is missing
(microtype)             in font `\TU/fontawesomefree/solid/n/6'.
(microtype)             Ignoring protrusion settings for this character.
Package microtype Info: Character `\textless ' is missing
(microtype)             in font `\TU/fontawesomefree/solid/n/6'.
(microtype)             Ignoring protrusion settings for this character.
Package microtype Info: Character `\textgreater ' is missing
(microtype)             in font `\TU/fontawesomefree/solid/n/6'.
(microtype)             Ignoring protrusion settings for this character.
Missing character: There is no  in font ec-lmr10!
Missing character: There is no  in font ec-lmr10!
Missing character: There is no  in font ec-lmr10!
Package microtype Info: Character `,' is missing
(microtype)             in font `\TU/fontawesomefree/solid/n/10'.
(microtype)             Ignoring protrusion settings for this character.
Package microtype Info: Character `:' is missing
(microtype)             in font `\TU/fontawesomefree/solid/n/10'.
(microtype)             Ignoring protrusion settings for this character.
Package microtype Info: Character `;' is missing
(microtype)             in font `\TU/fontawesomefree/solid/n/10'.
(microtype)             Ignoring protrusion settings for this character.
Package microtype Info: Character `!' is missing
(microtype)             in font `\TU/fontawesomefree/solid/n/10'.
(microtype)             Ignoring protrusion settings for this character.
Package microtype Info: Character `?' is missing
(microtype)             in font `\TU/fontawesomefree/solid/n/10'.
(microtype)             Ignoring protrusion settings for this character.
Package microtype Info: Character `@' is missing
(microtype)             in font `\TU/fontawesomefree/solid/n/10'.
(microtype)             Ignoring protrusion settings for this character.
Package microtype Info: Character `~ (= ~)' is missing
(microtype)             in font `\TU/fontawesomefree/solid/n/10'.
(microtype)             Ignoring protrusion settings for this character.
Package microtype Info: Character `\%' is missing
(microtype)             in font `\TU/fontawesomefree/solid/n/10'.
(microtype)             Ignoring protrusion settings for this character.
Package microtype Info: Character `*' is missing
(microtype)             in font `\TU/fontawesomefree/solid/n/10'.
(microtype)             Ignoring protrusion settings for this character.
Package microtype Info: Character `+' is missing
(microtype)             in font `\TU/fontawesomefree/solid/n/10'.
(microtype)             Ignoring protrusion settings for this character.
Package microtype Info: Character `(' is missing
(microtype)             in font `\TU/fontawesomefree/solid/n/10'.
(microtype)             Ignoring protrusion settings for this character.
Package microtype Info: Character `)' is missing
(microtype)             in font `\TU/fontawesomefree/solid/n/10'.
(microtype)             Ignoring protrusion settings for this character.
Package microtype Info: Character `\textendash ' is missing
(microtype)             in font `\TU/fontawesomefree/solid/n/10'.
(microtype)             Ignoring protrusion settings for this character.
Package microtype Info: Character `\textemdash ' is missing
(microtype)             in font `\TU/fontawesomefree/solid/n/10'.
(microtype)             Ignoring protrusion settings for this character.
Package microtype Info: Character `\textquoteleft ' is missing
(microtype)             in font `\TU/fontawesomefree/solid/n/10'.
(microtype)             Ignoring protrusion settings for this character.
Package microtype Info: Character `\textquoteright ' is missing
(microtype)             in font `\TU/fontawesomefree/solid/n/10'.
(microtype)             Ignoring protrusion settings for this character.
Package microtype Info: Character `\textquotedblleft ' is missing
(microtype)             in font `\TU/fontawesomefree/solid/n/10'.
(microtype)             Ignoring protrusion settings for this character.
Package microtype Info: Character `\textquotedblright ' is missing
(microtype)             in font `\TU/fontawesomefree/solid/n/10'.
(microtype)             Ignoring protrusion settings for this character.
Package microtype Info: Character `\AE ' is missing
(microtype)             in font `\TU/fontawesomefree/solid/n/10'.
(microtype)             Ignoring protrusion settings for this character.
Package microtype Info: Character `_' is missing
(microtype)             in font `\TU/fontawesomefree/solid/n/10'.
(microtype)             Ignoring protrusion settings for this character.
Package microtype Info: Character `\textbackslash ' is missing
(microtype)             in font `\TU/fontawesomefree/solid/n/10'.
(microtype)             Ignoring protrusion settings for this character.
Package microtype Info: Character `\quotesinglbase ' is missing
(microtype)             in font `\TU/fontawesomefree/solid/n/10'.
(microtype)             Ignoring protrusion settings for this character.
Package microtype Info: Character `\quotedblbase ' is missing
(microtype)             in font `\TU/fontawesomefree/solid/n/10'.
(microtype)             Ignoring protrusion settings for this character.
Package microtype Info: Character `\guilsinglleft ' is missing
(microtype)             in font `\TU/fontawesomefree/solid/n/10'.
(microtype)             Ignoring protrusion settings for this character.
Package microtype Info: Character `\guilsinglright ' is missing
(microtype)             in font `\TU/fontawesomefree/solid/n/10'.
(microtype)             Ignoring protrusion settings for this character.
Package microtype Info: Character `\guillemotleft ' is missing
(microtype)             in font `\TU/fontawesomefree/solid/n/10'.
(microtype)             Ignoring protrusion settings for this character.
Package microtype Info: Character `\guillemotright ' is missing
(microtype)             in font `\TU/fontawesomefree/solid/n/10'.
(microtype)             Ignoring protrusion settings for this character.
Package microtype Info: Character `\textexclamdown ' is missing
(microtype)             in font `\TU/fontawesomefree/solid/n/10'.
(microtype)             Ignoring protrusion settings for this character.
Package microtype Info: Character `\textquestiondown ' is missing
(microtype)             in font `\TU/fontawesomefree/solid/n/10'.
(microtype)             Ignoring protrusion settings for this character.
Package microtype Info: Character `\textbraceleft ' is missing
(microtype)             in font `\TU/fontawesomefree/solid/n/10'.
(microtype)             Ignoring protrusion settings for this character.
Package microtype Info: Character `\textbraceright ' is missing
(microtype)             in font `\TU/fontawesomefree/solid/n/10'.
(microtype)             Ignoring protrusion settings for this character.
Package microtype Info: Character `\textless ' is missing
(microtype)             in font `\TU/fontawesomefree/solid/n/10'.
(microtype)             Ignoring protrusion settings for this character.
Package microtype Info: Character `\textgreater ' is missing
(microtype)             in font `\TU/fontawesomefree/solid/n/10'.
(microtype)             Ignoring protrusion settings for this character.
LaTeX Font Info:    Trying to load font information for T1+DejaVuSansMono-TLF o
n input line 126.

(c:/Users/rdinn/AppData/Roaming/TinyTeX/texmf-dist/tex/latex/dejavu/T1DejaVuSan
sMono-TLF.fd
File: T1DejaVuSansMono-TLF.fd 2011/06/01 Font definitions for T1/DejaVuSansMono
-TLF.
)
LaTeX Font Info:    Font shape `T1/DejaVuSansMono-TLF/m/sl' in size <10.95> not
 available
(Font)              Font shape `T1/DejaVuSansMono-TLF/m/it' tried instead on in
put line 126.
LaTeX Font Info:    Font shape `T1/DejaVuSansMono-TLF/m/it' will be
(Font)              scaled to size 9.41699pt on input line 126.
Package microtype Info: Loading generic protrusion settings for font family
(microtype)             `DejaVuSansMono-TLF' (encoding: T1).
(microtype)             For optimal results, create family-specific settings.
(microtype)             See the microtype manual for details.
Package microtype Info: Loading generic protrusion settings for font family
(microtype)             `fontawesomebrands' (encoding: TU).
(microtype)             For optimal results, create family-specific settings.
(microtype)             See the microtype manual for details.
Package microtype Info: Character `,' is missing
(microtype)             in font `\TU/fontawesomebrands/regular/n/10'.
(microtype)             Ignoring protrusion settings for this character.
Package microtype Info: Character `:' is missing
(microtype)             in font `\TU/fontawesomebrands/regular/n/10'.
(microtype)             Ignoring protrusion settings for this character.
Package microtype Info: Character `;' is missing
(microtype)             in font `\TU/fontawesomebrands/regular/n/10'.
(microtype)             Ignoring protrusion settings for this character.
Package microtype Info: Character `!' is missing
(microtype)             in font `\TU/fontawesomebrands/regular/n/10'.
(microtype)             Ignoring protrusion settings for this character.
Package microtype Info: Character `?' is missing
(microtype)             in font `\TU/fontawesomebrands/regular/n/10'.
(microtype)             Ignoring protrusion settings for this character.
Package microtype Info: Character `@' is missing
(microtype)             in font `\TU/fontawesomebrands/regular/n/10'.
(microtype)             Ignoring protrusion settings for this character.
Package microtype Info: Character `~ (= ~)' is missing
(microtype)             in font `\TU/fontawesomebrands/regular/n/10'.
(microtype)             Ignoring protrusion settings for this character.
Package microtype Info: Character `\%' is missing
(microtype)             in font `\TU/fontawesomebrands/regular/n/10'.
(microtype)             Ignoring protrusion settings for this character.
Package microtype Info: Character `*' is missing
(microtype)             in font `\TU/fontawesomebrands/regular/n/10'.
(microtype)             Ignoring protrusion settings for this character.
Package microtype Info: Character `+' is missing
(microtype)             in font `\TU/fontawesomebrands/regular/n/10'.
(microtype)             Ignoring protrusion settings for this character.
Package microtype Info: Character `(' is missing
(microtype)             in font `\TU/fontawesomebrands/regular/n/10'.
(microtype)             Ignoring protrusion settings for this character.
Package microtype Info: Character `)' is missing
(microtype)             in font `\TU/fontawesomebrands/regular/n/10'.
(microtype)             Ignoring protrusion settings for this character.
Package microtype Info: Character `\textendash ' is missing
(microtype)             in font `\TU/fontawesomebrands/regular/n/10'.
(microtype)             Ignoring protrusion settings for this character.
Package microtype Info: Character `\textemdash ' is missing
(microtype)             in font `\TU/fontawesomebrands/regular/n/10'.
(microtype)             Ignoring protrusion settings for this character.
Package microtype Info: Character `\textquoteleft ' is missing
(microtype)             in font `\TU/fontawesomebrands/regular/n/10'.
(microtype)             Ignoring protrusion settings for this character.
Package microtype Info: Character `\textquoteright ' is missing
(microtype)             in font `\TU/fontawesomebrands/regular/n/10'.
(microtype)             Ignoring protrusion settings for this character.
Package microtype Info: Character `\textquotedblleft ' is missing
(microtype)             in font `\TU/fontawesomebrands/regular/n/10'.
(microtype)             Ignoring protrusion settings for this character.
Package microtype Info: Character `\textquotedblright ' is missing
(microtype)             in font `\TU/fontawesomebrands/regular/n/10'.
(microtype)             Ignoring protrusion settings for this character.
Package microtype Info: Character `\AE ' is missing
(microtype)             in font `\TU/fontawesomebrands/regular/n/10'.
(microtype)             Ignoring protrusion settings for this character.
Package microtype Info: Character `_' is missing
(microtype)             in font `\TU/fontawesomebrands/regular/n/10'.
(microtype)             Ignoring protrusion settings for this character.
Package microtype Info: Character `\textbackslash ' is missing
(microtype)             in font `\TU/fontawesomebrands/regular/n/10'.
(microtype)             Ignoring protrusion settings for this character.
Package microtype Info: Character `\quotesinglbase ' is missing
(microtype)             in font `\TU/fontawesomebrands/regular/n/10'.
(microtype)             Ignoring protrusion settings for this character.
Package microtype Info: Character `\quotedblbase ' is missing
(microtype)             in font `\TU/fontawesomebrands/regular/n/10'.
(microtype)             Ignoring protrusion settings for this character.
Package microtype Info: Character `\guilsinglleft ' is missing
(microtype)             in font `\TU/fontawesomebrands/regular/n/10'.
(microtype)             Ignoring protrusion settings for this character.
Package microtype Info: Character `\guilsinglright ' is missing
(microtype)             in font `\TU/fontawesomebrands/regular/n/10'.
(microtype)             Ignoring protrusion settings for this character.
Package microtype Info: Character `\guillemotleft ' is missing
(microtype)             in font `\TU/fontawesomebrands/regular/n/10'.
(microtype)             Ignoring protrusion settings for this character.
Package microtype Info: Character `\guillemotright ' is missing
(microtype)             in font `\TU/fontawesomebrands/regular/n/10'.
(microtype)             Ignoring protrusion settings for this character.
Package microtype Info: Character `\textexclamdown ' is missing
(microtype)             in font `\TU/fontawesomebrands/regular/n/10'.
(microtype)             Ignoring protrusion settings for this character.
Package microtype Info: Character `\textquestiondown ' is missing
(microtype)             in font `\TU/fontawesomebrands/regular/n/10'.
(microtype)             Ignoring protrusion settings for this character.
Package microtype Info: Character `\textbraceleft ' is missing
(microtype)             in font `\TU/fontawesomebrands/regular/n/10'.
(microtype)             Ignoring protrusion settings for this character.
Package microtype Info: Character `\textbraceright ' is missing
(microtype)             in font `\TU/fontawesomebrands/regular/n/10'.
(microtype)             Ignoring protrusion settings for this character.
Package microtype Info: Character `\textless ' is missing
(microtype)             in font `\TU/fontawesomebrands/regular/n/10'.
(microtype)             Ignoring protrusion settings for this character.
Package microtype Info: Character `\textgreater ' is missing
(microtype)             in font `\TU/fontawesomebrands/regular/n/10'.
(microtype)             Ignoring protrusion settings for this character.
[1

]
Missing character: There is no  in font ec-lmr10!
Missing character: There is no  in font ec-lmr10!
Missing character: There is no  in font ec-lmr10!
Missing character: There is no  in font ec-lmr10!
Missing character: There is no  in font ec-lmr10!
Missing character: There is no  in font ec-lmr10!
[2] [3] (./Russell_Dinnage_CV.aux)
Package rerunfilecheck Info: File `Russell_Dinnage_CV.out' has not changed.
(rerunfilecheck)             Checksum: A1697D8E151BB60652CE4312A417C8C1;444.
 ) 
Here is how much of TeX's memory you used:
 13065 strings out of 478968
 200803 string characters out of 5866922
 561596 words of memory out of 5000000
 32653 multiletter control sequences out of 15000+600000
 449944 words of font info for 57 fonts, out of 8000000 for 9000
 14 hyphenation exceptions out of 8191
 86i,13n,105p,474b,545s stack positions out of 5000i,500n,10000p,200000b,80000s

Output written on Russell_Dinnage_CV.pdf (3 pages).
